-------------------------------------------------------------------------------
Test set: pl.powiescdosukcesu.book.BookControllerTest
-------------------------------------------------------------------------------
Tests run: 6, Failures: 4, Errors: 0, Skipped: 0, Time elapsed: 0.929 s <<< FAILURE! - in pl.powiescdosukcesu.book.BookControllerTest
whenUserNotAuthenticatedThenSaveUpdateDeleteBookShouldReturn401(pl.powiescdosukcesu.book.BookControllerTest)  Time elapsed: 0.025 s  <<< FAILURE!
java.lang.AssertionError: Status expected:<401> but was:<404>
	at pl.powiescdosukcesu.book.BookControllerTest.whenUserNotAuthenticatedThenSaveUpdateDeleteBookShouldReturn401(BookControllerTest.java:158)

whenUserNotOwnerOfBookThenCantDeleteOrUpdateBook(pl.powiescdosukcesu.book.BookControllerTest)  Time elapsed: 0.015 s  <<< FAILURE!
java.lang.AssertionError: Status expected:<403> but was:<404>
	at pl.powiescdosukcesu.book.BookControllerTest.whenUserNotOwnerOfBookThenCantDeleteOrUpdateBook(BookControllerTest.java:90)

whenUserOwnerOfBookThenCanDeleteAndUpdateBook(pl.powiescdosukcesu.book.BookControllerTest)  Time elapsed: 0.009 s  <<< FAILURE!
java.lang.AssertionError: Status expected:<200> but was:<404>
	at pl.powiescdosukcesu.book.BookControllerTest.whenUserOwnerOfBookThenCanDeleteAndUpdateBook(BookControllerTest.java:108)

whenBookNotValidThenSaveBookAndUpdateBookShouldReturnBadRequest(pl.powiescdosukcesu.book.BookControllerTest)  Time elapsed: 0.008 s  <<< FAILURE!
java.lang.AssertionError: Status expected:<400> but was:<404>
	at pl.powiescdosukcesu.book.BookControllerTest.whenBookNotValidThenSaveBookAndUpdateBookShouldReturnBadRequest(BookControllerTest.java:138)

