-------------------------------------------------------------------------------
Test set: pl.powiescdosukcesu.user.UserServiceTest
-------------------------------------------------------------------------------
Tests run: 1, Failures: 0, Errors: 1, Skipped: 0, Time elapsed: 0.003 s <<< FAILURE! - in pl.powiescdosukcesu.user.UserServiceTest
shouldCreateAndSaveUserWithBcryptedPasswordAndRolesGive(pl.powiescdosukcesu.user.UserServiceTest)  Time elapsed: 0 s  <<< ERROR!
java.lang.NullPointerException
	at pl.powiescdosukcesu.user.UserServiceTest.shouldCreateAndSaveUserWithBcryptedPasswordAndRolesGive(UserServiceTest.java:60)

