-------------------------------------------------------------------------------
Test set: pl.powiescdosukcesu.user.AppUserControllerTest
-------------------------------------------------------------------------------
Tests run: 3, Failures: 0, Errors: 1, Skipped: 0, Time elapsed: 4.115 s <<< FAILURE! - in pl.powiescdosukcesu.user.AppUserControllerTest
onUserMeRequestShouldReturnInformationAboutUser(pl.powiescdosukcesu.user.AppUserControllerTest)  Time elapsed: 0.021 s  <<< ERROR!
java.lang.IllegalStateException: Unable to create SecurityContext using @org.springframework.security.test.context.support.WithUserDetails(value="test", userDetailsServiceBeanName="appUserService", setupBefore=TEST_METHOD)
Caused by: org.springframework.beans.factory.NoSuchBeanDefinitionException: No bean named 'appUserService' available

