<?xml version="1.0" encoding="UTF-8"?>
<testsuite xmlns:xsi="http://www.w3.org/2001/XMLSchema-instance" xsi:noNamespaceSchemaLocation="https://maven.apache.org/surefire/maven-surefire-plugin/xsd/surefire-test-report.xsd" name="pl.powiescdosukcesu.book.BookControllerTest" time="0.929" tests="6" errors="0" skipped="0" failures="4">
  <properties>
[...]
</properties>
  <testcase name="whenUserNotAuthenticatedThenSaveUpdateDeleteBookShouldReturn401" classname="pl.powiescdosukcesu.book.BookControllerTest" time="0.025">
    <failure message="Status expected:&lt;401&gt; but was:&lt;404&gt;" type="java.lang.AssertionError"><![CDATA[java.lang.AssertionError: Status expected:<401> but was:<404>
	at pl.powiescdosukcesu.book.BookControllerTest.whenUserNotAuthenticatedThenSaveUpdateDeleteBookShouldReturn401(BookControllerTest.java:158)
]]></failure>
    <system-out><![CDATA[2019-04-03 19:33:21 INFO  o.s.t.c.s.AbstractContextLoader - Could not detect default resource locations for test class [pl.powiescdosukcesu.book.BookControllerTest]: no resource found for suffixes {-context.xml, Context.groovy}.
2019-04-03 19:33:21 INFO  o.s.b.t.a.w.s.WebMvcTestContextBootstrapper - Loaded default TestExecutionListener class names from location [META-INF/spring.factories]: [org.springframework.boot.test.mock.mockito.MockitoTestExecutionListener, org.springframework.boot.test.mock.mockito.ResetMocksTestExecutionListener, org.springframework.boot.test.autoconfigure.restdocs.RestDocsTestExecutionListener, org.springframework.boot.test.autoconfigure.web.client.MockRestServiceServerResetTestExecutionListener, org.springframework.boot.test.autoconfigure.web.servlet.MockMvcPrintOnlyOnFailureTestExecutionListener, org.springframework.boot.test.autoconfigure.web.servlet.WebDriverTestExecutionListener, org.springframework.test.context.web.ServletTestExecutionListener, org.springframework.test.context.support.DirtiesContextBeforeModesTestExecutionListener, org.springframework.test.context.support.DependencyInjectionTestExecutionListener, org.springframework.test.context.support.DirtiesContextTestExecutionListener, org.springframework.test.context.transaction.TransactionalTestExecutionListener, org.springframework.test.context.jdbc.SqlScriptsTestExecutionListener, org.springframework.security.test.context.support.WithSecurityContextTestExecutionListener, org.springframework.security.test.context.support.ReactorContextTestExecutionListener]
2019-04-03 19:33:21 INFO  o.s.b.t.a.w.s.WebMvcTestContextBootstrapper - Using TestExecutionListeners: [org.springframework.test.context.web.ServletTestExecutionListener@4b6abf4e, org.springframework.test.context.support.DirtiesContextBeforeModesTestExecutionListener@27959922, org.springframework.boot.test.mock.mockito.MockitoTestExecutionListener@794daa09, org.springframework.boot.test.autoconfigure.SpringBootDependencyInjectionTestExecutionListener@796267e8, org.springframework.test.context.support.DirtiesContextTestExecutionListener@676c3745, org.springframework.test.context.transaction.TransactionalTestExecutionListener@6cbbfe03, org.springframework.test.context.jdbc.SqlScriptsTestExecutionListener@78b20c7f, org.springframework.security.test.context.support.WithSecurityContextTestExecutionListener@128579a6, org.springframework.security.test.context.support.ReactorContextTestExecutionListener@14d5b2ac, org.springframework.boot.test.mock.mockito.ResetMocksTestExecutionListener@272d0dd3, org.springframework.boot.test.autoconfigure.restdocs.RestDocsTestExecutionListener@4f142cbd, org.springframework.boot.test.autoconfigure.web.client.MockRestServiceServerResetTestExecutionListener@766534b0, org.springframework.boot.test.autoconfigure.web.servlet.MockMvcPrintOnlyOnFailureTestExecutionListener@4f1cb802, org.springframework.boot.test.autoconfigure.web.servlet.WebDriverTestExecutionListener@1077a7]

  .   ____          _            __ _ _
 /\\ / ___'_ __ _ _(_)_ __  __ _ \ \ \ \
( ( )\___ | '_ | '_| | '_ \/ _` | \ \ \ \
 \\/  ___)| |_)| | | | | || (_| |  ) ) ) )
  '  |____| .__|_| |_|_| |_\__, | / / / /
 =========|_|==============|___/=/_/_/_/
 :: Spring Boot ::        (v2.1.1.RELEASE)

2019-04-03 19:33:21 INFO  p.p.book.BookControllerTest - Starting BookControllerTest on powiescdosukcesu.pl with PID 6952 (started by robertdev in /home/robertdev/Downloads/PowiescAPI-master/powiesciREST)
2019-04-03 19:33:21 INFO  p.p.book.BookControllerTest - No active profile set, falling back to default profiles: default
2019-04-03 19:33:21 INFO  o.s.c.s.PostProcessorRegistrationDelegate$BeanPostProcessorChecker - Bean 'org.springframework.security.config.annotation.configuration.ObjectPostProcessorConfiguration' of type [org.springframework.security.config.annotation.configuration.ObjectPostProcessorConfiguration$$EnhancerBySpringCGLIB$$d7ae8f91] is not eligible for getting processed by all BeanPostProcessors (for example: not eligible for auto-proxying)
2019-04-03 19:33:21 INFO  o.s.c.s.PostProcessorRegistrationDelegate$BeanPostProcessorChecker - Bean 'objectPostProcessor' of type [org.springframework.security.config.annotation.configuration.AutowireBeanFactoryObjectPostProcessor] is not eligible for getting processed by all BeanPostProcessors (for example: not eligible for auto-proxying)
2019-04-03 19:33:21 INFO  o.s.c.s.PostProcessorRegistrationDelegate$BeanPostProcessorChecker - Bean 'org.springframework.security.access.expression.method.DefaultMethodSecurityExpressionHandler@6af447b6' of type [org.springframework.security.access.expression.method.DefaultMethodSecurityExpressionHandler] is not eligible for getting processed by all BeanPostProcessors (for example: not eligible for auto-proxying)
2019-04-03 19:33:21 INFO  o.s.c.s.PostProcessorRegistrationDelegate$BeanPostProcessorChecker - Bean 'org.springframework.security.config.annotation.method.configuration.GlobalMethodSecurityConfiguration' of type [org.springframework.security.config.annotation.method.configuration.GlobalMethodSecurityConfiguration$$EnhancerBySpringCGLIB$$fc833243] is not eligible for getting processed by all BeanPostProcessors (for example: not eligible for auto-proxying)
2019-04-03 19:33:21 INFO  o.s.c.s.PostProcessorRegistrationDelegate$BeanPostProcessorChecker - Bean 'methodSecurityMetadataSource' of type [org.springframework.security.access.method.DelegatingMethodSecurityMetadataSource] is not eligible for getting processed by all BeanPostProcessors (for example: not eligible for auto-proxying)
2019-04-03 19:33:21 INFO  o.s.c.s.PostProcessorRegistrationDelegate$BeanPostProcessorChecker - Bean 'org.springframework.hateoas.config.HateoasConfiguration' of type [org.springframework.hateoas.config.HateoasConfiguration$$EnhancerBySpringCGLIB$$be811489] is not eligible for getting processed by all BeanPostProcessors (for example: not eligible for auto-proxying)
2019-04-03 19:33:21 INFO  o.s.s.web.DefaultSecurityFilterChain - Creating filter chain: any request, [org.springframework.security.web.context.request.async.WebAsyncManagerIntegrationFilter@28d07fa4, org.springframework.security.web.context.SecurityContextPersistenceFilter@2845fd12, org.springframework.security.web.header.HeaderWriterFilter@26a5007, org.springframework.web.filter.CorsFilter@298990ab, org.springframework.security.web.authentication.logout.LogoutFilter@6089c1e3, pl.powiescdosukcesu.security.JwtAuthenticationFilter@247added, org.springframework.security.web.savedrequest.RequestCacheAwareFilter@6c366d3, org.springframework.security.web.servletapi.SecurityContextHolderAwareRequestFilter@5679e464, org.springframework.security.web.authentication.AnonymousAuthenticationFilter@6fc44cb6, org.springframework.security.web.session.SessionManagementFilter@4d4f6121, org.springframework.security.web.access.ExceptionTranslationFilter@50dfceff, org.springframework.security.web.access.intercept.FilterSecurityInterceptor@7beb2bc2]
2019-04-03 19:33:22 INFO  o.s.s.c.ThreadPoolTaskExecutor - Initializing ExecutorService 'applicationTaskExecutor'
2019-04-03 19:33:22 WARN  o.s.b.a.t.ThymeleafAutoConfiguration$DefaultTemplateResolverConfiguration - Cannot find template location: classpath:/templates/ (please add some templates or check your Thymeleaf configuration)
2019-04-03 19:33:22 INFO  o.s.b.t.m.w.SpringBootMockServletContext - Initializing Spring TestDispatcherServlet ''
2019-04-03 19:33:22 INFO  o.s.t.w.s.TestDispatcherServlet - Initializing Servlet ''
2019-04-03 19:33:22 INFO  o.s.t.w.s.TestDispatcherServlet - Completed initialization in 10 ms
2019-04-03 19:33:22 INFO  p.p.book.BookControllerTest - Started BookControllerTest in 0.831 seconds (JVM running for 8.712)
2019-04-03 19:33:22 INFO  o.s.b.t.m.w.SpringBootMockServletContext - Initializing Spring TestDispatcherServlet ''
2019-04-03 19:33:22 INFO  o.s.t.w.s.TestDispatcherServlet - Initializing Servlet ''
2019-04-03 19:33:22 INFO  o.s.t.w.s.TestDispatcherServlet - Completed initialization in 2 ms
]]></system-out>
  </testcase>
  <testcase name="whenUserNotOwnerOfBookThenCantDeleteOrUpdateBook" classname="pl.powiescdosukcesu.book.BookControllerTest" time="0.015">
    <failure message="Status expected:&lt;403&gt; but was:&lt;404&gt;" type="java.lang.AssertionError"><![CDATA[java.lang.AssertionError: Status expected:<403> but was:<404>
	at pl.powiescdosukcesu.book.BookControllerTest.whenUserNotOwnerOfBookThenCantDeleteOrUpdateBook(BookControllerTest.java:90)
]]></failure>
    <system-out><![CDATA[2019-04-03 19:33:22 INFO  o.s.b.t.m.w.SpringBootMockServletContext - Initializing Spring TestDispatcherServlet ''
2019-04-03 19:33:22 INFO  o.s.t.w.s.TestDispatcherServlet - Initializing Servlet ''
2019-04-03 19:33:22 INFO  o.s.t.w.s.TestDispatcherServlet - Completed initialization in 2 ms
]]></system-out>
  </testcase>
  <testcase name="whenUserOwnerOfBookThenCanDeleteAndUpdateBook" classname="pl.powiescdosukcesu.book.BookControllerTest" time="0.009">
    <failure message="Status expected:&lt;200&gt; but was:&lt;404&gt;" type="java.lang.AssertionError"><![CDATA[java.lang.AssertionError: Status expected:<200> but was:<404>
	at pl.powiescdosukcesu.book.BookControllerTest.whenUserOwnerOfBookThenCanDeleteAndUpdateBook(BookControllerTest.java:108)
]]></failure>
    <system-out><![CDATA[2019-04-03 19:33:22 INFO  o.s.b.t.m.w.SpringBootMockServletContext - Initializing Spring TestDispatcherServlet ''
2019-04-03 19:33:22 INFO  o.s.t.w.s.TestDispatcherServlet - Initializing Servlet ''
2019-04-03 19:33:22 INFO  o.s.t.w.s.TestDispatcherServlet - Completed initialization in 2 ms
]]></system-out>
  </testcase>
  <testcase name="whenBookNotValidThenSaveBookAndUpdateBookShouldReturnBadRequest" classname="pl.powiescdosukcesu.book.BookControllerTest" time="0.008">
    <failure message="Status expected:&lt;400&gt; but was:&lt;404&gt;" type="java.lang.AssertionError"><![CDATA[java.lang.AssertionError: Status expected:<400> but was:<404>
	at pl.powiescdosukcesu.book.BookControllerTest.whenBookNotValidThenSaveBookAndUpdateBookShouldReturnBadRequest(BookControllerTest.java:138)
]]></failure>
    <system-out><![CDATA[2019-04-03 19:33:22 INFO  o.s.b.t.m.w.SpringBootMockServletContext - Initializing Spring TestDispatcherServlet ''
2019-04-03 19:33:22 INFO  o.s.t.w.s.TestDispatcherServlet - Initializing Servlet ''
2019-04-03 19:33:22 INFO  o.s.t.w.s.TestDispatcherServlet - Completed initialization in 2 ms
]]></system-out>
  </testcase>
  <testcase name="contextLoads" classname="pl.powiescdosukcesu.book.BookControllerTest" time="0.006"/>
  <testcase name="whenNoBooksFoundWithGivenKeywordThenShouldReturnNotFoundStatus" classname="pl.powiescdosukcesu.book.BookControllerTest" time="0.012"/>
</testsuite>