<?xml version="1.0" encoding="UTF-8"?>
<testsuite xmlns:xsi="http://www.w3.org/2001/XMLSchema-instance" xsi:noNamespaceSchemaLocation="https://maven.apache.org/surefire/maven-surefire-plugin/xsd/surefire-test-report.xsd" name="pl.powiescdosukcesu.user.UserServiceTest" time="0.003" tests="1" errors="1" skipped="0" failures="0">
  <properties>
[...]
</properties>
  <testcase name="shouldCreateAndSaveUserWithBcryptedPasswordAndRolesGive" classname="pl.powiescdosukcesu.user.UserServiceTest" time="0">
    <error type="java.lang.NullPointerException">java.lang.NullPointerException
	at pl.powiescdosukcesu.user.UserServiceTest.shouldCreateAndSaveUserWithBcryptedPasswordAndRolesGive(UserServiceTest.java:60)
</error>
    <system-out><![CDATA[0gS8xz4gbjvFggCxIGUBrDE2K0sGlv5mMeeSVdn4DAtnV1y5Fj6NpbOOBkKxF4Cj1RvB+bMA20PjSf/5uDpWx4Rse5i0rmx7QYj3j6rgEi95kSEbQRKiuK6T0qJRFl+5TByLk97HJs8dj5KcJ6FMh/tn6YenI6l+iizj2D6wzln7wUf43abDJSpOxV9kN5LzkJC8pqDJydTjBrfcgVheSF4KVsL9HPFV/q124ER/xwI+U2JyKwlcsBr6NrL+EobYVRJcWRKsGyhjVwWYzeJr32PVwSkMnJKKBO2CnP2vAZdY1a+U7pL6fNkFJDWqeohHLPB4x0lFa45p0DB/qXSwNA==
]]></system-out>
  </testcase>
</testsuite>